Leifer Mendez-------🤑 𝐂𝐔𝐑𝐒𝐎𝐒 𝐏𝐀𝐆𝐎𝐒<br>├𝘼𝙉𝙂𝙐𝙇𝘼𝙍 principiantes ⮕ <a href="https://link.codigoencasa.com/PROMO-INICIAL">https://link.codigoencasa.com/PROMO-INICIAL</a><br>├𝙉𝙊𝘿𝙀 principiantes ⮕ <a href="https://link.codigoencasa.com/NODE">https://link.codigoencasa.com/NODE</a><br>└ 𝘼𝙒𝙎 𝘽𝙖𝙨𝙞𝙘𝙤 desde cero ⮕ <a href="https://link.codigoencasa.com/AWS">https://link.codigoencasa.com/AWS</a>
Carlos Azueta-------Ya fue la rifa😬😬
Walter G. Marzo-------Conozco a  mucha gente, que porque sabe escribir un par de líneas de código piensa que ya puede hackear la web de la CIA.<br>Jajajaja, el aprendizaje y evolución no termina nunca !!!
johan guzman-------gracias Brow
Diego Francisco-------Que curioso, no sabia el concepto, pero siempre al iniciar tuve ese efecto, aplicaba a grandes puestos cuando tenia muy poca experiencia, creo que eso es normal  a medida que uno inicia
ryu Zatu-------No dabes de lo que hablas venezolano alcaweta, las empresas solo quieren esclavos y gente con bajo auto estima, gente publiquen a cualquier cosa asi no califiquen despues de todo selecciobarlos ee tranajo de recirsos umanis adi que todo vhuapa un webo
Amaury Permer-------Cuantas veces no habré escuchado el &quot;programar es fácil&quot; en cursos en línea o escuchar a los universitarios que apenas empiezan decir lo mismo y claro que si, programar el fácil, escribir el código es fácil pero la programación y desarrollo de software va mucho más allá de solo el código, más allá de un for loop o un BST<br>Cuando se entra de lleno al desarrollo de software te topas con miles de conceptos que tal vez jamás habías pensado, como patrones de diseño, arquitectura de software, protocolos, seguridad, incluso la legibilidad del propio código y cada uno conformado por otros tantos conceptos que llega a ser abrumadora la cantidad se información.<br>Programar es fácil, desarrollar un software robusto y fácil de mantener; no lo es.
César Cruz-------Para mi la industria de software es una negocio les conviene re inventar la rueda y  cambiara siempre y re aprender siempre estara a la orden
Edwar Aguilar-------hola, creo que tuve el efecto dunning Kruger, ya que hace unos 2 o 3 años sentía que sabia todo,  pero me di cuenta que me faltaba y me falta mucho conocimiento, es interesante aprender nuevas cosas.<br><br>También en la universidad me tocó docentes con este efecto, y no solo en el área de programación, si no en otras áreas.
Sam DD-------Este efecto sabéis dónde más lo he visto yo personalmente? En muchos youtubers de programación (que no todos) y especialmente en casi todas las personas que salen de un bootcamp xDDD
Roberto Carmur-------Apenas empiezo pero no creo tenerlo pero sí tendré cuidado de no caer en ello.
neider acevedo-------Me pasó... hace poco salí de la U  y tenia la ilusión de que iba a ganar mucho dinero pero cuando me enfrenté a la realidad me di cuenta que no sabia nada, ni siquiera lo básico jajajaja. entonces fue aceptar la oferta y aprovechar la empresa para adquirir esa experiencia y aprender . y aquí estoy y aprendí la lesión.
Benito Jimenez-------Aveces cuando empezamos a programar caemos es eso frecuentemente. 😐
Josué Vital -------Todo muy claro, otra cosa que veo que sucede mucho es que las personas mal interpretan eso de lo &#39;&#39;importante es saber y no tener título&#39;&#39;, pero recuerden que el que tiene título tambien sabe lo mismo que tu sabes. entonces una empresa si tiene que escoger entre dos perfiles, uno con título y uno sin título con las mismas habilidades, a quien creen que escojan?
Ysabel Becerra-------Excelente información, si conozco a jóvenes con esa percepción.
Bryan.B-------pienso que la mayoría hemos sufrido de muchos efectos a la hora de aprendizaje personalmente solo he visto esas actitudes en personas a mi alrededor principalmente universidad tanto de docentes como de estudiantes que conocen mucho de un tema y ya se sienten muy superiores pero en otras no destacan tanto o se quedad estancados, yo más que este efecto he sufrido el del impostor
Jesus Valladares-------Bueno la verdad que es un mundo inmenso y estoy trabajando poco a poco para llevar la universidad y estudiar programacion web, es chocante que no te enseñen tanto en la universidad para salir a trabajar en un futuro con bases y por eso estoy trabajando para llevar los dos estudios(Solo estudio por el titulo) y la verdad que es abrumador la cantidad de cosas que hay que aprender pero confio en la frase &quot;Todo se logra con constancia&quot;  y la programacion es asi y dentro de lo que se pueda no hay que estar conforme con lo que se sabe y siempre tratar de saber y aplicar mas conocimiento en este mundillo. La verdad le deseo los mejores exitos a todos los que lean esto y recuerden que la clave esta en trabajar el dia a dia sus objetivos🙌🙌❤‍🩹
Ramiro Gonzalez-------Yo tengo síndrome de impostor. A veces tengo a menospreciar lo que hago. Sin embargo cuando llega alguien y aprecia lo que hago como que me alienta a seguir o mejorar.
Fercho Juarez-------a mi personalmente me pasa por un lado, en el cual el exceso de información nueva me genera un desinterés aunque, ahora lo llevo mejor, es curioso cuando en la escuela te enseñan POO, y tu estas trabajando dando un curso en donde enseñas IONIC. a veces la vida da unas vueltas curiosas jaja.
Diego Ruiz-------resumen del video: El efecto Dunning-Kruger es el sesgo cognitivo por el cual las personas con baja habilidad en una tarea sobrestiman su habilidad.
Koke_cm-------No yo hasta el momento no conozco a nadie con el efecto de Danning Kruger
Franco Ciapparelli-------La verdad es que tengo 15 años y hasta entrar a este video tenía una percepción poco realista de mis conociemientos hasta que mostraste la diapositiva del web rendering JAJAJAJ, espero poder llegar con más solidos y amplios conocimientos para cuando termine el secundario. Suerte con el canal y felicidades por los 30K, saludos!
Franco Ciapparelli-------La verdad es que tengo 15 años y hasta entrar a este video tenía una percepción poco realista de mis conociemientos hasta que mostraste la diapositiva del web rendering JAJAJAJ, espero poder llegar con más solidos y amplios conocimientos para cuando termine el secundario. Suerte con el canal y felicidades por los 30K, saludos!
Franco Ciapparelli-------La verdad es que tengo 15 años y hasta entrar a este video tenía una percepción poco realista de mis conociemientos hasta que mostraste la diapositiva del web rendering JAJAJAJ, espero poder llegar con más solidos y amplios conocimientos para cuando termine el secundario. Suerte con el canal y felicidades por los 30K, saludos!
Franco Ciapparelli-------La verdad es que tengo 15 años y hasta entrar a este video tenía una percepción poco realista de mis conociemientos hasta que mostraste la diapositiva del web rendering JAJAJAJ, espero poder llegar con más solidos y amplios conocimientos para cuando termine el secundario. Suerte con el canal y felicidades por los 30K, saludos!
Franco Ciapparelli-------La verdad es que tengo 15 años y hasta entrar a este video tenía una percepción poco realista de mis conociemientos hasta que mostraste la diapositiva del web rendering JAJAJAJ, espero poder llegar con más solidos y amplios conocimientos para cuando termine el secundario. Suerte con el canal y felicidades por los 30K, saludos!
Franco Ciapparelli-------La verdad es que tengo 15 años y hasta entrar a este video tenía una percepción poco realista de mis conociemientos hasta que mostraste la diapositiva del web rendering JAJAJAJ, espero poder llegar con más solidos y amplios conocimientos para cuando termine el secundario. Suerte con el canal y felicidades por los 30K, saludos!
Franco Ciapparelli-------La verdad es que tengo 15 años y hasta entrar a este video tenía una percepción poco realista de mis conociemientos hasta que mostraste la diapositiva del web rendering JAJAJAJ, espero poder llegar con más solidos y amplios conocimientos para cuando termine el secundario. Suerte con el canal y felicidades por los 30K, saludos!
Franco Ciapparelli-------La verdad es que tengo 15 años y hasta entrar a este video tenía una percepción poco realista de mis conociemientos hasta que mostraste la diapositiva del web rendering JAJAJAJ, espero poder llegar con más solidos y amplios conocimientos para cuando termine el secundario. Suerte con el canal y felicidades por los 30K, saludos!
Franco Ciapparelli-------La verdad es que tengo 15 años y hasta entrar a este video tenía una percepción poco realista de mis conociemientos hasta que mostraste la diapositiva del web rendering JAJAJAJ, espero poder llegar con más solidos y amplios conocimientos para cuando termine el secundario. Suerte con el canal y felicidades por los 30K, saludos!
Franco Ciapparelli-------La verdad es que tengo 15 años y hasta entrar a este video tenía una percepción poco realista de mis conociemientos hasta que mostraste la diapositiva del web rendering JAJAJAJ, espero poder llegar con más solidos y amplios conocimientos para cuando termine el secundario. Suerte con el canal y felicidades por los 30K, saludos!
Franco Ciapparelli-------La verdad es que tengo 15 años y hasta entrar a este video tenía una percepción poco realista de mis conociemientos hasta que mostraste la diapositiva del web rendering JAJAJAJ, espero poder llegar con más solidos y amplios conocimientos para cuando termine el secundario. Suerte con el canal y felicidades por los 30K, saludos!
Jorge Humberto Gómez-------Llevo 5 semestres en ingeniería en sistemas y no entendí nada xd<br><br>Yo con 500 usd seré feliz xd
Hernan Pereira-------Este video lo deben ver los que recién terminan un bootcam y quieren salario de sénior solo por caer en la publicación barata.
FREDY KRUGER-------7u7 ouuu yeaaa :v 👌😐
Y3t4n0th3rus3r-------El desarrollo web es un caos, son tecnologías que se sienten hostiles e incompletas. Da la sensación de que necesitan ser reemplazadas por un paradigma completamente distinto y más unificado.
Angel Piña-------si e llegado a pensar en eso en algún momento pero caigo a tierra cuando veo los trabajos de los demás saludos buen vídeo
ley guistar-------Yo en lo personal poseo este efecto, aunque se que no voy a pedir un trabajo de algo que no se, estoy dispuesto a entrar en cualquier tecnología y ponerme un tiempo bastante limitado para aprenderla porque me parece que todas se parecen
Alfredo Olmedo-------Aprendan Fundamentos, con eso estan del otro lado
Leonardo Venezia-------yo mismo, apenas empecé a aprender cosas... la sorpresa que me llevé después jajaja
DeathBuffon-------estaría bueno que tocará en curso, la verdad que me falta continuidad porque es complejo y me frustra pero me gustaría aprender bien
Distopia Monocronica-------En resumen, no hay que ser unos pedantes.
Pablo Guillermo Alarcon-------Gracias Leifer, me agrada todo lo comparter.
Cthulhu-------Eres el primer youtuber sobre programación que realmente me entretiene e incluso me divierte. Otros canales a pesar de ser interesantes la forma en que explican muero de aburrimiento. Muy buen trabajo, sigue así.👌
Wasaby Games-------Yo sufría de ese efecto y no sabía lo que era hasta ahorita que lo explicas, gracias !!!
Nelson Amador-------Me gusto mucho tu contendo.
Hugo Rodríguez-------Creo que el efecto es algo &quot;normal&quot; a medida que inicias ya que al ser todo nuevo siempre hay una sensación de &quot;estar aprendiendo rápido&quot;, pero luego empiezas a profundizar y te das cuenta que no has ni rascado la superficie.
Josué Alberto Cuba-------La verdad que no conozco a alguien asi aunque seria interesante conocer
ivanpima-------Todos padecemos de esto, cuando buscamos una oportunidad laboral indicamos<br> que sabemos mas de lo que en realidad, el trabajo diario te devuelve a la realidad, sin embargo es mas común de lo que parece, ya que eso afecta a cualquier actividad que por inseguridad o reconocimiento social, las personal tienen este tipo de comportamiento.
Lucas Carballo-------Yo estoy haciendo el curso de programación en un bootcamp, y si... Me encontré con personas que sabían algo más que los otros, (aunque estaban en un curso &#39;desde cero&#39;) y nada, hay que aceptar y tratar de no caer en esas trampas. No dejar de ver cada momento como un desafío. Saludos
Genos322-------Creo que me considero dentro de este sesgo, existen ocasiones en las que subestimo mis habilidades...
Yony Salgado-------gracias.
Julio Forero-------Excelente video, me pasó mucho al principio pero se logró entender gracias a compañeros que ya habían pasado por el proceso.
Julio Forero-------Creo que este efecto nos pasa a la mayoría que empezamos en el sector IT,  excelente consejo a veces es bueno parar un momento de tanto desarrollo y analizar estas cosas. Felicitaciones, excelente video.
Javier Alberto Rodriguez Diaz-------El concepto de SPA es antiguo, son las miasmas RIA antiguas segun veo pues es mi umilde opinión xD
El mejor anime-------Yo creo que tengo el efecto de doning Kruger
Rx z-------Bueno creo que ese efecto pega en la mayoría de programadores por qué no saben matemáticas (o en efecto los fundamentos de la herramienta que usan), lo veo desde el punto de vista del machine learning, cuando entiendes las matemáticas simplemente lo programas pero muchos dependen de sus librerías por qué no entienden en si cómo funcionan los modelos y eso te limita terrible, lo he visto en programadores cercanos
Omar Mejia Tinajero-------Estudio Informática desde hace casi 2 años, y al aprender programación algunas bases de ingeniería de Software me ha pasado este efecto. Pero estoy de acuerdo con usted: es mejor ponerse retos y resolver problemas particulares que sólo asumir que uno conoce un dominio al ciento por ciento. Saludos.
Paulo Plazas-------hoy día con tanto ego más de la mitad de la población sin importar raza, región o lo que sea sufre el efecto Dunning-Kruger
Tomás Oropeza-------Estoy programando desde 1999 y tuve muchos años este efecto apegado con fuerza a VB.6 y MS Access, ahora soy desarrollador fullstack y me he adaptado a las necesidades del mercado y a los cambios de tecnología sin embargo tengo un par de amigos que no. <a href="about:invalid#zCSafez"></a><br>Gracias muy buen video artículo.
Friki YT-------apenas estoy aprendiendo javascrip y no entendi nada de lo que dijiste amigo me volví un ocho :(
Ramiro perez campo-------ojo no es aprender de todo es saber a que debemos dedicarle mas tiempo, analisando nuestros objetivos y deseos , al fin y al cabo debemos estar buscando un buen puesto donde nos paguen lo que sabemos, segun nuestra experiencia y nuestra manera de solventar los problemas de una empresa.
Ramiro perez campo-------Considero que la gran mayoria de personas en algun momento sufrimos de este sintoma psicologico y la verdad hay que seguir aprendiendo ,por que en toda carrera si queremos sobresalir hay que ,saber hacer de todo.
Richy Montañez-------Lo mas importante en esta vida es nunca parar de aprender
Jose Manzano-------Hola.. si he distinguido a muchos y en lo personal estoy muy conciente que efectivamente no podemos quedarnos quietos pero si he perdido mucho tiempo al abrumarme con tantos contenidos querer pegarle a todos y al final no profundizar en uno solo.
José Ciupalski-------Pero hay otro efecto. Llámenlo como quieran. Si vamos a considerar lo que ganan los jugadores de futbol, tenis o músicos los 30.000 dólares por mes es nada. Espero cursos pagos de futbol, tenis etc.... Pronto serán multimillonarios.
Wilbert Silva -------Hola buenas tardes, yo me considero con el efecto Dunning- Kruger, siempre estoy dudando de lo puedo aportar y aprender en el día. Por ejemplo sigo pensando que no puedo hacer bien un for  D:. Saludos.
carolina CH-------Gracias por compartir este video
pepinog dev-------manteca
Esteban Vargas-------Por desgracia o por suerte, esto me recuerda a mi cuando hace 4 años comencé a estudiar y ppr solo tener un conocimiento minimo esperaba recibir sueldos de 3k usd. Hoy miro para atras.. y si, yo era asi
Joaquin-------Estoy de acuerdo en seguir profundizando conocimientos por mas de no contar con experiencia laboral, y destacar en propuestas que cada vez son mas complejas por su stack de tecnologías que solicitan.
Gerald Serra-------Ahora mismo estoy sufriendo ese efecto, pero es porque en casi ningún lugar te dan la oportunidad de crecer. No buscan Juniors y ya hasta proyectos de React tengo hechos.
MAURO999-------Claro, por saber 3 o 4 tecnologías no hay que creerse un crack. El tema es que si te sabes 10 o mas, tampoco... por ahi uno ve mucho full stack que tambien se creen el cuento y se caen bastante. Cada lenguaje, framework, librería, y esto sin olvidar que cada X tiempo sale una version nueva de cada uno, cada uno de estos es un mundo por conocer, y por lo tanto es realmente muy dificil(por no decir imposible) que se pueda llegar a conocer tanto y tener un dominio absoluto de todos.
Javier Monzon-------Na deja me hago profesor.
Angelo Aldo Perez Rodriguez-------Muchas gracias por los consejos Leifer
Gregorio Mejia-------thanks a lot!!! so nice reverb
bryan tizol-------Las bases si uno no lo aprende bien se tropieza en el futuro y puede generar confianza de que las sabe uno y upss :&quot;3
Aldo Yedro-------Felicitaciones por los 30K!
Aldo Yedro-------Buen aporte Leifer!
Ricardo Schortbogh-------Si soy...
Edward Dash-------A mí regálame el curso de angular 😢 prefiero eso al dinero ..
Jhonatan Javier Henandez Cuervo-------Ta coqueto el video para tener en cuenta.
Alejandro Carrillo-------Esto es lo opuesto del sindrome del impostor...
Fernando A-------Saludos✌️
Leet Mode-------Todo chido, tantos frameworks, pero no saben nada de seguridad y luego son hackeados xd
Roger Colque-------creo que sigo teniendo ese efecto de D.K. en desarrollo de apps, google cada año cambia algo je
WSites-------efecto dunning-kruger, sindrome del impostor creo que ninguno nos salvamos des esas
Leonardo-------Sin duda es algo super comun pasar por ese efecto, buen video saludos
Nico Acevedo-------Un cachetazo para los egoDevs
edenilson bolaños-------Personalmente lo estoy sufriendo.
Scaryboard-------Como abordar este efecto o ayudar a otros que parecieran tener este efecto?
Husdady Mena-------Al principio me pasaba, cuando veia propuestas donde pedian mas de 4 años de experiencia y sólo tenía como 1 año. Lo extraño es que igual me constestaban y querían entrevistarme. Lo mejor que puedes hacer para mejorar como dev es profundizar en lo que sabes y después seguir ampliando tus conocimientos con las tecnologías que requiera el proyecto o sean de tu interés
Jesus Rodriguez-------Tengo un compañero de trabajo que tiene este efecto, he aprendido a tratar con el
Lester Rodriguez-------excelente video, la evolución es continua y muchas veces estamos como 10 passos (por poner un número) de ir a la vanguardia de las nuevas tecnologías en general
EV ZK-------En tecnología, me atrevo a garantizar que desde hace rato todos los que han trabajado en este mundo, hemos sufrido de ese efecto, es inevitable, y mas si estas haciendo actividades que requieren directamente hacer programación de código, ya sea BackEnd, FrontEnd, Analisis de Datos, Machine Learning, Automatizar Pruebas, Implementar infraestructura por medio de código (TerraForm y similares), etc!!!
Rodwin Primera-------yo siempre he sufrido ese efecto en el mundo de la programacion he incluso ahora lo tengo siento que con saber 3 o 4 tonterias ya puedo dominar el mundo, para lidear con eso siempre estoy poniendome retos y tratando de apredender otras formas de hacer las cosas
Roberto Carlos-------Yo creo que alguna vez caí en el efecto que mencionaste
Roberto Carlos-------Cuando es el sorteo?
Andres Agredo-------Hola a todos, alguien sabe como se puede integrar grapesJS en un componente angular? gracias
Brayan Peña Membrillo-------<a href="about:invalid#zCSafez"></a>
Jibaru Reloaded-------He visto a compañeros con ese efecto, tambien cuando he tenido la oportunidad de entrevistar a postulantes algunos van con esos aires, y cuando llega el apartado tecnico se van para abajo. A practicar y disfrutar de esta carrera, porque a pesar de todo seguimos siendo agraciados.
Marek Lara-------Hahah me pasa todo el tiempo. Me hago menos. Y veo lo que requieren y me digo yo mismo, que no valgo madr....s hahah <br>Tal vez muchos pasan por lo msimo
Edwin Vasquez-------Pero también puedo decir que conozco a algunos compañeros que creen que ver un curso completo es dominar una tecnología cuando está muy lejos de ser eso. La práctica hace al maestro nada mas.
Edwin Vasquez-------Yo he utilizado ese efecto para poder ganarme algún puesto, digo que conozco X tecnología y demuestro conocimiento (aunque sea básico) y luego lo aprendo bien para poder dar la talla.
Edwin Cruz-------Lo bueno que yo tengo el síndrome del impostor 😎🤙
juan Martinez-------Yo creo que lo tuve en un momento!
juan Martinez-------Yo creo que lo tuve en un momento!
juan Martinez-------Yo creo que lo tuve en un momento!
Kevin León-------Es bastante interesante conocer este efecto del programador con ego pero... cuando es al contrario? Parece que no sabes lo suficiente y cuando crees dominar lo que necesitas las empresas te piden saber aun más. Y supongo que se ha hablado muchas veces al respecto de las ofertas de trabajo buscando Jr con conocimiento de Sr....
josedavidpc310-------[^_^]
Edinson Filigrana-------Esroy totalmente de acurerdo, en esta industria hay muchos que sufren del efecto Dunning Krugger, por ejemplo Fredy Vega, el pobre de verdad cree que sabe todo de politica, geopolitica, ralaciones internacionales, economia, derecho, ciencia, cultura. etc...
Rapto Verdad-------por que siempre usas a react y angular de ejemplos y nunca a vue???? dislike
Roy Martinez-------Efecto dunning Kruger. Muy interesante para tomar en cuenta a futuro identificación de patrones y comportamiento
leonardo david guarniz reyna-------Creo que yo tengo ese síndrome Pipipipi 😢
name last-------En España está súper prostituido el trabajo de freelancer y esos weyes mal baratan su trabajo
Aingeru Sanchez-------He conocido compañeros que han sufrido y han hecho de este efecto parte de su personalidad, sin ser nada egocéntricos ni narcisistas. Pero que con completar el &quot;Hello World&quot; en un nuevo lenguaje ya lo añadían al CV. Yo me considero lo contrario, sufro el síndrome del impostor.
marcos JRS-------Yo creo que es algo supertípico, pero más bien al empezar, cuando ya llevas más recorrido laboral, llegas a aquella famosa conclusión de &quot;solo sé que no sé nada&quot;. Tengo cerca de 42 años y llevo más de 16 años en este &quot;mundillo&quot;... he pasado por trabajos de front y de back... he pasado por 8 empresas y decenas de proyectos...  y  sigo haciendo cursos y más cursos, y sinceramente,  cuanto más veo más me doy cuenta que me falta mucho por aprender, y eso es lo bueno de este trabajo... siempre hay cosas nuevas que aprender  :)
Zobeklol-------Yo conocía este sesgo cognitivo de mis años que jugué lol. Se menciona mucho. Yo aprendí autodidacta y cada vez que avanzo me doy cuenta que este mundo del desarrollo  es muy extenso y que tenemos mucho que aprender.
Edward Ramírez-------A veces entre más aprendo cosas siento que padezco de ese efecto y del que me falta más a la vez. Se aumenta el ego y al mismo tiempo disminuye al pensar en todas las cosas que faltan por aprender
King Alpha-------Es excelente que compartas temas así, desconocía totalmente el término
David Banda-------Siendo sincero, nunca habia escuchado el término sin embargo conoci a un compañero de universidad que siempre su ego en cuanto a la programación era muy alto hoy en día que ya estamos graduados y con nuestros titulos buscando.un ambito laboral su ego ha subido demaciado y piensa que con lo que el sabe puede acceder a puestos muy importantes de trabajo con un pago super bueno, en mi experiencia soy lo contrario tengo un poco de miedo podría llamarlo conozco mucho de lo que piden las empresas a las que postulo pero no me siento tan bien y quiero aprender mas para entrar a un trabajo no se si me entendieron pero ahora se que ese ego que tienen algunos tiene un nombre específico.<br><br>Saludos
memories--------Yo conozco a alguien que tiene ese efecto xd
Sergio Ferrer-------Este efecto lo veo mas de lo que me gustaría por desgracia. Compañeros de trabajo o de enseñanza que se creen que por haber hecho un curso de &quot;Menganito Garcia&quot; sobre x tecnología ya dominan el mercado, pero por otro lado está la gente realista, la gente que sabe la inmensidad del aprendizaje de este sector y día a día va sumando con el único objetivo de saber un poco más que el día anterior.
Cristian Zarate-------Creo que la mitad de mis profesores de universidad padecen de este efecto y otros!
Damián Vigo-------Gran tema Leifer, soy de pensar que entre más se sepa, más humilde se debe ser, el problema esta en el ego y no ser dominado por el. En mi caso, soy más del sindrome del impostor.
Miguel Córdoba-------Cómo empezar a programar sin tener un computador? 😢
Max Astorga C-------Totalmente , me siento igual   hay veces que es frustrante la cantidad de tecnologías que piden  las empresas .............
Armando Hernandez-------Personalmente lo sufría, pero debo decir que no lo veo del todo malo, de hecho tengo que admitir que lo extraño un poco, actualmente por el trabajo me la paso haciendo y haciendo y no veo el momento de aprender más.
PROGRAMMINGJ-------Podrias hablar de la saturacion que sentimos al ver las cosas que hay que aprender? Por ejemplo en este videos mencionaste varios terminos, y uno al investigar sobre ciertos temas va descubriendo unos nuevos y el querer abarcar todo de golpe hace que no puedas seguir por la sobreinformacion
Lautiplug-------Creo que a veces me pasa eso, pero no sé, tal vez lo confundo con la sensación de satisfacción al aprender algo, quiero decir soy una caca, solo sé html y css, pero se siente tan bien cuando arreglo algo sin tutorial y me es imposible no tener esa ráfaga de decir &quot;soy un crack&quot; aunque sé muy bien que no sé ni un 1% del mundo del desarrollo web
Rodrigo Fuster-------sii conoci a un amigo que le pasaba !
Gerflip 80-------Siento que padezco lo contrario, llevo ya 1 año aprendiendo y me siento igual que cuando comencé escribiendo el Hola Mundo, conforme voy avanzando me voy dando cuenta que realmente no se nada y eso me entristece bastante.
iAmbient-------mi profesor xd es muy molesto
Jose Enciso-------No busques curso de angular porque consigues un deja vu de reat
Pipe Bastos-------Felicidades por las 30k subs!
Pipe Bastos-------Nuevo sub! Me apareciste en recomendado y me gustó mucho el vídeo, creo que ahora tengo este efecto y creo que es por el afán de tener más conocimiento para ganar más dinero o ascender rápido en una empresa, por eso damos por aprendido algo pero en realidad no hemos comprendido a fondo
Tonny Jack-------Ahora tengo el sindrome del impostor 🤣
Fernando Zamudio-------Y requiero los 50euros para pagar deudas
Fernando Zamudio-------Yo sufri de ese efecto!
Ali Rivera Guerra-------¡Gracias! Es cierto que no debemos agobiarnos por la cantidad de conocimiento que sale día a día. Al final somos humanos haciendo cosas nuevas para el bien de todos. Importante reconocer los patrones hacia dónde va la industria y otra habilidad importante es &#39;desaprender&#39;, no casarnos con una tecnología o lenguaje, aprender a adaptarnos y el futuro será brillante.
Ali Rivera Guerra-------¡Gracias! Es cierto que no debemos agobiarnos por la cantidad de conocimiento que sale día a día. Al final somos humanos haciendo cosas nuevas para el bien de todos. Importante reconocer los pratones hacia dónde va la industria y otra habilidad importante es &#39;desaprender&#39;, no casarnos con una tecnología o lenguaje, aprender a adaptarnos y el futuro será brillante.
Cesar Jarith Coello-------En la facultad abundan colegas con ese efecto. JAJAJAJA, saludos!
PIERO AYALA-------Siempre te vas a encontrar personas así, docentes que tuve en la Universidad padecían de eso.
Cesar Jarith Coello-------Soy nuevo en el canal, excelente el contenido bro.<br>Nuevo Suscriptor 💯🔥
Isaac Gonzalez-------A mi me paso de ver que te enseñan, y a medida que vas aprendiendo, tener algo asi, era un sesgo cognitivo pero no me créia por encima de nadie, sino que me sentia con ganas y certezas de que podia hacer todo lo que queria en este campo de la informática, del desarrollo de sofware. Siempre fuí curioso, me gusta aprender, sin embargo cuando ponia en práctica cada cosa, veia que tenia una límitante. Algunas cosas no salian como esperaba, no encontraba respuestas a mis problemas, otras no salian como te mostraban en videos y eso me hacia frustrarme mucho. Luego levantaba la cabeza y buscaba la solución, la encontraba y continuaba. PUM! otro problema y límitante que nadie explicaba, semanas leyendo documentación en inglés para un problema (no sé inglés y los traductores pierden la esencia de la explicación). Golpes y más golpes, cuando miro atras puedo decir si aprendí mucho, sin embargo siento que menos sé, y eso es porque cada vez hay más y más conceptos, cosas u ámbitos que necesitan nuevas cosas. Si realmente te gusta seguiras adelante a pesar de todo, si vienes solo por dinero terminarás muy, muy frustrado. Porque mis ganas y gustos fueron lo que me mantenian adelante con todo, buscando por semanas algo simple. y cuando lo hallaba, la gratificación y felicidad eran enormes. Si yo veo a mi alrededor, todos están por encima mio, sin embargo lo que me gusta es lo que yo puedo hacer y hacia donde puedo ir, no hacia donde van los demás
alfieri morillo-------jajaja yo creo sufrir ese ese cesgo!! jajaja
David Canales Páez-------No estoy de acuerdo, pienso que en general los desarrolladores sufren más por el síndrome del impostor que es exactamente lo contrario a lo que se dice en  este video.
Anderson Bengolea-------De vez en cuando me siento de esa manera
Odín S M-------No he conocido a alguien así hasta el momento, pero es bueno tener en mente el concepto ahora que apenas empiezo mi carrera, así puedo evitar caer en ello
Kevin Sboboda-------buen video, es el primer video que veo, quisiera saber de donde sabes todo eso, de esos conceptos, sos ingeniero o algo así? me gustaría saber por que me acabo de graduar de un terciario pero no se ve nada de eso, no se ven conceptos profundos, se ve algo de ing del software pero no alcanza a ver todo.
Yoan Estrada Blanco-------Seguimos creciendo aunque no este muy activo me siento parte de nuestra comunidad poco a poco seguiremos sumando mas personal
Martín de la Canal Erbetta-------Buenas Leifer! tendrás un video donde explicas cómo mostrar un pdf en angular y que el usuario pueda editarlo? (por ejemplo que dibuje con un pincel) y que luego se envíe al back. No encuentro una librería que me ayude con eso. Saludos y gracias por la respuesta!
WerneriaBit-------Excelente vìdeo<br>Visto en 05/10/2022
Robert Perez-------He conocido varias personas &quot;ex compañeros de trabajo&quot; con este efecto, yo en particular me doy cuenta que cada día tengo cosas nuevas que aprender, en esta carrera de desarrolladores debemos avanzar junto con las tecnologías para no quedarnos atrás. Eres un crack bro, tu contenido me ha ayudado en mucho.
Elio Torres-------Yo tengo ese síndrome cognitivo * -1, cada vez siento que me falta mucho, mucho por aprender, jeje XD.<br>Saludos y muchas felicidades!! <br>A seguir cosechando más éxitos.
Brando Vidal-------SI alguna vez me paso, cuando quise aplicar a un puesto como Desarollador Frontend senior hace años, me senti muy motivado pero tuve un golpe con realidad, pero eso me ha ayudado a nunca dejar de aprender y nutrirme de mas conocimiento sin frustarme.<br><br>Muchas felicidades por los 30k, te lo mereces
David De la Hoz-------Felicidades por los 30K bro eres increible!
Juan Esteban Vélez Loaiza-------Tengo un compañero de bootcamp que no logra disimular su ego, y por ende, me atreveria a decir que lo padece. Considero que la humildad y el estar abierto al conocimiento de cualquier origen es algo que siempre deberiamos tener con nosotros, siempre nos encontraremos con distintas miradas al mismo problema que nos aportaran una riqueza de soluciones. Y si, amigo a seguir aprendiendooo!
Omar Octavio Sucre Díaz-------Hermano creo que por algún momento sufrí de eso quizás suele pasar mucho cuando estas empezando y vienes de otras áreas buscando oportunidades, pero creo que mientras mas te vas adentrando a este mundo mas te vas dando cuenta de que hay muchas cosas que no sabes y que esto es un maratón mas que un Sprint. Pero sin importar que tal largo o tedioso sea el camino es algo que vale totalmente la pena esto es un mundo muy interesante y me ha encantado hasta ahora
Omar Octavio Sucre Díaz-------Hermano excelente video y excelente explicación me encanto el video
Iván Manzaba-------No conocía el tema pero creo que también lo he pasado al terminar un proyecto personal con una tecnología nueva
Santiago Gutierrez-------Al principio si, pero entre mas aprendo mas siento que menos se
Santiago Gutierrez-------Gracias x la info, no conocía ese síndrome
Miguel Chinchay-------Ese efecto lo padeces casi siempre cuando comienzas con un nuevo conocimiento, pero es nuestra oportunidad para apalancarnos y superarnos y salir adelante y aprender más. Cada proyecto, cada experiencia nos permite crecer de una manera efectiva y asimilar correctamente lo aprendido.
Jean Elías Reyes Campos-------Hasta hace poco yo ten{ia este sesgo cognitivo, creo que he ido mejorando, entre m{as aprendo,siento que menos s{e, porque el campo es tan amplio que nunca estar{e cerca de saber mucho y mucho menos todo :3
Sheifield Philips Mejicano-------Yo sufro del efecto contrario !!! A veces tengo el conocimiento profundo y me doy cuenta cuando comparto info con otras personas
Joshua Perez Rojas-------x5
Maycol Mack-------Hello World
Niicolas Perez-------Es la primera vez que escucho sobre esto , del que si habia escuchado era sobre el sindrome del impostor que es por el que pasan muchos programadores
Oscar Ivan-------Personalmente si tengo un jodido amigo con ese simdrome.
Guta Flores-------wow la verdad no conocia ni el termino, pero que bueno es saber de esto para de alguna manera prevenirlo
Kevin Hernandez-------Antes me preocupaba por que no sabia si dedicarme al desarro wed o mobile, ahora ya me decidi pero por desarrollo web pero estoy preocupado por las tecnologias ya que no se si aprender solo javascript con typescript y algun fremwork  o tambien php o python para el backend, de escho me quiero especializar mas en el backend pero quiero saber algo de front tambien ya que he visto que en muchas ofertas de backend piden saber html, css, javascript y algun fremwork de javascrip ademas de las tecnologia para el backend.<br>Como dije quiero aprender lo fundamental para front(html, css, javascript) y para backend aun no me decido si php, java o c# ya que en el pais en el que vivo he visto que son lo mas solicitado en cuanto a backent. <br>Eso me preocupa mucho por que para aprender todo lo de front siento que me tomara un buen de tiempo aparte del tiempo que me tomar aprender la parte del backend.<br>Por cierto decidi aprender primero front por que donde vivo ya he vendido varios sitios web los cuales no necesitan de un backend.<br>Una pregunta que me hago y que me gustaria que me resondieran pliiis. Creen que con saber html, css, javascript, angular y php con laravel (obviamente a niveles no tan avanzados) sea suficiente para conseguir trabajo como junior y despues de eso aprender C# ya que me gustaria aprender ese lenguaje o empezar de una vez con C# y no con php??<br>Saludos os quiero xddddd :D<br>Besos en el Anastacio.xdd
Francisco Gaxiola-------Yo tengo el efecto, aprendo solo el concepto pero no genero software aplicándolo, así que podría aparentar que lo conozco por lo que leo en medium sobre alguna tecnología o librería novedosa pero en la realidad no sabría ni como comenzar a implementarlo. ¡Gran video!
javier ojeda reyes-------Ami me pasó sentía que ya podía salir al mercado laboral con HTML css y js jajaja me choque tan fuerte con la pared q ahora estoy aprendiendo react y express jajajaja felicidades por los 30 mil vamos a llegamos alos 50 saludos desde argentina
javier ojeda reyes-------Ami me pasó sentía que ya podía salir al mercado laboral con HTML css y js jajaja me choque tan fuerte con la pared q ahora estoy aprendiendo react y express jajajaja felicidades por los 30 mil vamos a llegamos alos 50 saludos desde argentina
javier ojeda reyes-------Ami me pasó sentía que ya podía salir al mercado laboral con HTML css y js jajaja me choque tan fuerte con la pared q ahora estoy aprendiendo react y express jajajaja felicidades por los 30 mil vamos a llegamos alos 50 saludos desde argentina
javier ojeda reyes-------Ami me pasó sentía que ya podía salir al mercado laboral con HTML css y js jajaja me choque tan fuerte con la pared q ahora estoy aprendiendo react y express jajajaja felicidades por los 30 mil vamos a llegamos alos 50 saludos desde argentina
javier ojeda reyes-------Ami me pasó sentía que ya podía salir al mercado laboral con HTML css y js jajaja me choque tan fuerte con la pared q ahora estoy aprendiendo react y express jajajaja felicidades por los 30 mil vamos a llegamos alos 50 saludos desde argentina
javier ojeda reyes-------Ami me pasó sentía que ya podía salir al mercado laboral con HTML css y js jajaja me choque tan fuerte con la pared q ahora estoy aprendiendo react y express jajajaja felicidades por los 30 mil vamos a llegamos alos 50 saludos desde argentina
javier ojeda reyes-------Ami me pasó sentía que ya podía salir al mercado laboral con HTML css y js jajaja me choque tan fuerte con la pared q ahora estoy aprendiendo react y express jajajaja felicidades por los 30 mil vamos a llegamos alos 50 saludos desde argentina
javier ojeda reyes-------Ami me pasó sentía que ya podía salir al mercado laboral con HTML css y js jajaja me choque tan fuerte con la pared q ahora estoy aprendiendo react y express jajajaja felicidades por los 30 mil vamos a llegamos alos 50 saludos desde argentina
javier ojeda reyes-------Ami me pasó sentía que ya podía salir al mercado laboral con HTML css y js jajaja me choque tan fuerte con la pared q ahora estoy aprendiendo react y express jajajaja felicidades por los 30 mil vamos a llegamos alos 50 saludos desde argentina
javier ojeda reyes-------Ami me pasó sentía que ya podía salir al mercado laboral con HTML css y js jajaja me choque tan fuerte con la pared q ahora estoy aprendiendo react y express jajajaja felicidades por los 30 mil vamos a llegamos alos 50 saludos desde argentina
javier ojeda reyes-------Ami me pasó sentía que ya podía salir al mercado laboral con HTML css y js jajaja me choque tan fuerte con la pared q ahora estoy aprendiendo react y express jajajaja felicidades por los 30 mil vamos a llegamos alos 50 saludos desde argentina
javier ojeda reyes-------Ami me pasó sentía que ya podía salir al mercado laboral con HTML css y js jajaja me choque tan fuerte con la pared q ahora estoy aprendiendo react y express jajajaja felicidades por los 30 mil vamos a llegamos alos 50 saludos desde argentina
javier ojeda reyes-------Ami me pasó sentía que ya podía salir al mercado laboral con HTML css y js jajaja me choque tan fuerte con la pared q ahora estoy aprendiendo react y express jajajaja felicidades por los 30 mil vamos a llegamos alos 50 saludos desde argentina
javier ojeda reyes-------Ami me pasó sentía que ya podía salir al mercado laboral con HTML css y js jajaja me choque tan fuerte con la pared q ahora estoy aprendiendo react y express jajajaja felicidades por los 30 mil vamos a llegamos alos 50 saludos desde argentina
javier ojeda reyes-------Ami me pasó sentía que ya podía salir al mercado laboral con HTML css y js jajaja me choque tan fuerte con la pared q ahora estoy aprendiendo react y express jajajaja felicidades por los 30 mil vamos a llegamos alos 50 saludos desde argentina
javier ojeda reyes-------Ami me pasó sentía que ya podía salir al mercado laboral con HTML css y js jajaja me choque tan fuerte con la pared q ahora estoy aprendiendo react y express jajajaja felicidades por los 30 mil vamos a llegamos alos 50 saludos desde argentina
javier ojeda reyes-------Ami me pasó sentía que ya podía salir al mercado laboral con HTML css y js jajaja me choque tan fuerte con la pared q ahora estoy aprendiendo react y express jajajaja felicidades por los 30 mil vamos a llegamos alos 50 saludos desde argentina
javier ojeda reyes-------Ami me pasó sentía que ya podía salir al mercado laboral con HTML css y js jajaja me choque tan fuerte con la pared q ahora estoy aprendiendo react y express jajajaja felicidades por los 30 mil vamos a llegamos alos 50 saludos desde argentina
javier ojeda reyes-------Ami me pasó sentía que ya podía salir al mercado laboral con HTML css y js jajaja me choque tan fuerte con la pared q ahora estoy aprendiendo react y express jajajaja felicidades por los 30 mil vamos a llegamos alos 50 saludos desde argentina
javier ojeda reyes-------Ami me pasó sentía que ya podía salir al mercado laboral con HTML css y js jajaja me choque tan fuerte con la pared q ahora estoy aprendiendo react y express jajajaja felicidades por los 30 mil vamos a llegamos alos 50 saludos desde argentina
javier ojeda reyes-------Ami me pasó sentía que ya podía salir al mercado laboral con HTML css y js jajaja me choque tan fuerte con la pared q ahora estoy aprendiendo react y express jajajaja felicidades por los 30 mil vamos a llegamos alos 50 saludos desde argentina
javier ojeda reyes-------Ami me pasó sentía que ya podía salir al mercado laboral con HTML css y js jajaja me choque tan fuerte con la pared q ahora estoy aprendiendo react y express jajajaja felicidades por los 30 mil vamos a llegamos alos 50 saludos desde argentina
KEVIN NICK TORRES-------tembien tenia un maestro en la universidad que tenia el efecto dunning kruger.
KEVIN NICK TORRES-------hola leifer mis ex compañeros tienen el efecto dunning kruger
KEVIN NICK TORRES-------saludos leifer mendez, yo tenia el efecto dunning kruger 😮😮
Harley Cardoso-------Grande Leifer.
Marlon Leto-------En lo personal me pasaba lo mismo, pero así es este mundo de locos. Gracias por el aporte. Suscriptor nuevo
Alejandro-------felicitaciones por los 30K!
DARKNEIT7-------Excelente video y si, si conozco un amigo con ese efecto ejje
Zilker-------Por lo menos en mi pais (Colombia) la mayoria de personas que buscan un trabajo, para el programador que va empezando siempre le recomiendan que aplique esl efecto de Dunning Krugger en su vida, debido a que la cantidad de experiencia requerida para un cargo y la necesidad que hay por empleo hace que sea sencillo mentir con la experiencia y aprender en el proceso, asi me han recomendado amigos y algunos profesores. <br><br>Puede que en algun momento lo aplique en mi vida sin siquiera darme cuenta. Excelente video
JOSE GAEL CHOQUE SERRANO-------Tengo un amigo que tiene este efecto ya que cree ser el mas crak de todos pero llegado el momento se da cuenta que hay cosas que realmente no sabia
Roberto Carlos Martínez Loredo-------Tienes razon, los profesores en la universidad son los que mas sufren de este efecto, quedaron atrapados en el pasado y se creen que lo saben todo.
Alan Rodrigo Ortega Balboa-------Creo que en un punto todos sufrimos de este efecto, pero a mayor conocimiento se tiene mas se va perdiendo y mas nos damos de cuenta que nos falta mucho por aprender.
Pol Suar-------Me paso de escuchar a conocidos que hicieron un curso de programación que querían un sueldo de miles de dólares como primer trabajo sin tener experiencia. Ni hablar del nivel de inglés que ponían en sus CVs, se creían nivel C2 porque podían ver películas sin subtítulos xD
carloz lopez-------debo decir q yo eh tenido ese efecto no sabia q tenia nombre jejeej pero digamos q uno se acompleja por ciertas cosas y siempre hay cosas q aprender. y si en estos años un monton de tecnologias salen y lo bonito es q la gente comparta, hace años pocos se dignaban creo yo a compartir información. asi q siempre hay q pensar y estar agradecidos q hay opciones por escoger , y aprender mas y mas cosas y no quedarse atras , Muchas gracias Leifer , por compartir un abrazo a la distancia.
Gonzalo Zavala Mendoza-------No conocía este efecto y creo que soy una de esas personas 😮
Ricardo-------Yo sufrí de ese sindrome, me sentia que en el trabajo tenia el potencial para lograrlo, que me esperaban personas que me enseñarian pero no, el trabajo no está para eso. Dos años y medio pasé formandome de manera autodidacta pero aún así no fue suficiente cuando me choqué con la realidad de que todo es siempre más complejo. Es un mundo casi infinito pero mes a mes me siento un poco mas comodo en el proyecto.
LUIS FELIPE LONDOÑO GUTIERREZ-------Hace 2 años padecía de este efecto pero gracias a personas cercanas me di cuenta que me faltaba mucho por aprender
Jonathan Ludeña-------O eres de aquellos que revisas propuestas laborales y tratas de llenar esa vacante buscando esas tecnologias, instalas todo el entorno de desarrollo de esa tecnologia y por X motivo nunca terminas de revisar la documentacion y abres otra vacante y vuelves a pasar por lo mismo.. terminas procastinando. Sindrome de Dunning Kruger bro. Saludos
Jonathan Ludeña-------Si eres de aquellos que buscas informacion sobre alguna tecnologia y llenas tu Chrome de pestañas agrupadas, videos comenzados, haces preguntas en blogs que encuentras pero no revisas si hay respuestas, estas sufriendo del sindrome Dunning Kruger..
Jonathan Ludeña-------Creo que sufro de ese sindrome. Pero lo mas loco es que lo reconoces, es decir, te das cuenta que la vida no te alcanza para querer saber todo y terminas procastinando o frustrandote y saturandote
DingoDev-------ahmm citando lo del min <a href="https://www.youtube.com/watch?v=VxFENxcq-yU&amp;t=4m25s">4:25</a> hace 5 años era 2017 donde ya existía Angular, React y Vue, ya poco se usaba jQuery<br>Unos 10 años atrás puede ser que si se aplique lo que dices jejeje
Santiago lozano-------Felicidades
Santiago lozano-------Sí, conozco a mas de uno
David Montoya-------Por fortuna no sufro de esto, antes cada vez siento que se menos, cuando me doy cuenta que me falta mil conceptos por estudiar :S. Muy buen video.
Rolando Corral-------Desde que entre en este mundo digital he padecido el síndrome opuesto al que comentas; mientras mas conocimiento adquiero mas me doy cuenta de lo poco que se. Pero ya trabajo como programador y en mi caso, eso ya es un avance. Felicidades Leifer por los 30k!!!! y que vengan muchos mas.
David Trespalacios-------@Leifer creo que me pasa lo contrario, me siento con los conocimientos pero me considero Jr.
Hector Luis Contreras Di Girolamo-------hola, soy nuevo por aca. realmente no recuerdo el sufrirlo; al contrario del que si sufro muchas veces es el del sindrome del impostor que segun entiendo es todo lo contrario al que tu nombras. Pero poco a poco me doy cuenta de que la cosa no es dificil es solo entender!!!
Ricardo R-------Felicitaciones por los 30 mil!!!!
Juan David Quimbayo Nuñez-------Si los 50 Eur los donarías en cursos para la comunidad dale Like 🤯🥳
Juan David Quimbayo Nuñez-------Gracias Leifer por todo ese conocimiento tan valiosos es bueno conocer este efecto  para querer mejorar cada día como profesional
Abraham Leandro Vega-------Gracias por los consejos maestro Leifer <a href="about:invalid#zCSafez"></a>
Vladimir Reyes-------Por suerte tuve la oportunidad de conocer sobre este concepto temprano en mi carrera, porque tuve un mentor el cual me hablo de el.
randolph2012-------Yo creo que  sufrí o sufro de ese efecto, creía saberlo todo hasta que me tocó hacer un proyecto formal universitario y me tomo más tiempo de lo que pensé por temas nuevos con la herramienta de angular, ahora en el mercado laboral poseo una lista de habilidades pero como tú dijiste, es para aplicarlo y desarrollarme en proyectos personales.  Saludos
Carlos H.S-------No me ha pasado, pero si a un par de amigos que sobreestiman sus habilidades y empiezan a enviar cv por doquier jajaja
Fabian Muñoz-------yo soy de buscar y consultar pero llevar a la practica me enrredo
lelequinter-------Yo tuve ese síndrome y luego aterricé
Fernando Rosales-------No lo he pasdo por eso pero si el lado contrario con el sindrome del impostor.
luis fernando beleño ramos-------Increible este efecto lo padeci hace un par de años.
Ivan Vazquez-------Por cierto, enhorabuena por llegar a los 30k!
john 21-------También lo he padecido pero siento que paso a paso lo voy dejando atrás en especial cuando veo que no es una carrera por entenderlo todo si no una camino de formación personal, felicidades por los 30k. Saludos desde Venezuela.
Ivan Vazquez-------Y siendo sinceros yo tengo lo inverso, siento que no se nada, esa frustración de no saber resolver una cosa es aveces común.
Ivan Vazquez-------Bajando en los comentarios he visto que lo más común son los profesores que creen que son unos buenazos, cuando están desactualizados. Sinceramente me da cosa aprender sobre tecnologías web en la universidad, es mejor practicar por nuestra cuenta y no quedarse con lo que nos dan.
Ivan Vazquez-------Grande leifer, dando consejos además de enseñarnos a programar
Grishopping-------No dominaba el termino.... pero... todos los dias se aprende algo nuevo...exitos y rumbo a lo 100.000 subs luego 1.000.000 y muchos mas   te lo mereces....
Franco-------Cuando empecé en este mundillo de la programación sufrí ese efecto, luego me di cuenta que no sabía nada
Angel León-------Es bueno conocer este efecto  para querer mejorar cada día como profesional
CD GP-------No sabía sobre ese efecto, muchas personas dicen que tengo mucha habilidad pero yo no siento que sea así, sé que tengo buen manejo en diferentes lenguajes pero aún así no siento esa seguridad. Me acabo de graduar. Me da un poco de miedo buscar trabajo y no ser suficiente.
Karles Mendoza-------Muchos hemos pasado por esa situación, pero lo maravilloso de la programación es que nos permite reconocer constantemente nuestras capacidades y limitaciones, ya sea para crear o aprender.
Denis Alberto Cosi Vasquez-------Ahh y si yo lo pase en un momento de mi vida!!!
Denis Alberto Cosi Vasquez-------Me parece que la mayora de personas que trabajan en tecnología han pasado por esto o siguen con dicho efecto.
Luis Daniel-------Honestamente, hay momentos dónde no sólo el síndrome del impostor impacta, sí no también este típico efecto. Creo que, a veces uno creé saberlo todo, y que ha comprendido todo. En mis inicios hace unos años me pasó este efecto, creía que por saber N cantidad de cosas me hacía mejor y creía que las propuestas o vacantes o alguna tecnología en concreto para esos momentos eran &quot;pan comido&quot; cuando no era así. Lo importante de esto para evitarlo, es primero saber quién eres, posteriormente recordar de donde vienes y hacia donde queremos llegar como profesionales, debemos tener ese modelo mental de progreso más no de soberbio. Tener este tipo de aptitudes afectan parte de nuestras habilidades blandas. Los conocimientos han sido para compartirse y de una buena forma,  es una buena cualidad de grandes personas. Pero no debemos subestimar nada y tener superioridad, sólo aceptar nuevos retos, aplicarlos en código y seguir creciendo🔥. Gran vídeo hermano, un abrazo enorme! <br><br>En guerra avisada, mejor ponte a programar😎
Jocelyne Piguave-------Hahah interesante el vídeo, yo Creo qué todos en algún momento hemos sufrido de ese complejo xD
Balcho Kovacs-------Yo personalmente lo sufrí pero gracias al apoyo de mi hermano que es de mi misma carrera pude salir de esa zona de confort y miedo por la cual ya hoy en día gracias a esta comunidad pude dejar ese miedo de aprender angular ya que me decían que era muy avanzado para mi. Gracias Leifer y Felicitaciones
Leonardo Hernandez-------Los docentes de la universidad son un gran ejemplo de personas con este efecto, estudio en una institución con un pensum bastante desactualizado y los docentes que imparten esas materias piensan que por dominar temas de hace 10 años son superiores
Oscar Canache-------Vivo encerrado en ese efecto de Dunning-Kruger, porque a veces creo que se algo y cuando lo confronto de verdad, me doy cuenta que no se nada. Pero esto también me lleva a que cuando sé sobre un tema, termino por hacer lo contrario, termino por creer de forma constante que aun me falta
Jorge Alberto Morales-------No se si conozca a nadie con el efecto me fue muevo, pero si he conocido a varios y personalmente he sufrido el síndrome del impostor
Miguel Angel Gonzalez Diaz-------Hmmm, me veo reflejado en ese espejo del efecto de Dunning Krugger, cada dia se aprende algo nuevo !!!, - Saludos desde Venezuela,
Jose Lizardo Motta Bustos-------Creo que este efecto le puede pasar a cualquiera a lo largo de su Vida, y mucho más en el sector IT que la tecnología cambia tan rápido 😅🙏
Fernando Diego Santillan Varas-------Yo conozco a alguien. Y esa persona ya hasta se desanimó de estudiar programación
Marshel Aillón-------Irónicamente, los maestros que tuve y no dominaban su materia sí sufrían del efecto de Dunning Krugger, y los mejores que conocí, tanto en persona como en Youtube no sufren de tal efecto. 🤔
Jose Mendoza-------Una vez tuve a cargo una persona recién graduado de universidad que tenía esas características. En lo personal si no cumplo con los conocimientos que piden en un puesto no le doy muchas vueltas y sigo buscando uno que tenga lo que se o algo adyacente con lo que he tenido experiencia, lo que menos quiero hacer es quedar mal por creerme un crack jajaja nunca se deja de aprender
Jhon Acosta-------En base a la terminología proporcionada podría decir que algún momento lo e pasado por ese motivo hoy en día tiendo a capacitarme y mejorar en la herramientas que usó día a dia.
Melanio Cevallos-------Agradecerte Leifer por compartir tus conocimientos y felicitarte por dominar mucho de los temas que compartes.
Bruno Mont-------Personalmente creo que una vez sufrí ese efecto. Pero luego de adentrarme más a este mundo me di cuenta que no sabía nada. Hay tantas cosas que me faltan comprender aún. Felicidades por los 30k.
Melanio Cevallos-------Sí efectivamente en algún momento yo también pasé por este efecto al igual que muchos.
andres mauricio fajardo olaya-------Seguramente todos hemos sido victimas del efecto krugger (el que explica leifer me refiero no al de SNK)
Oscar Gonzalez-------No se si estoy equivocado, pero eso quiere decir que: (dunning-kruger !== sindrome_del_impostor)<br> Tristemente siempre sufriré más del último.
Sebastián Flores Ayala-------A lo largo de mi vida he conocido muchas personas que tienen este efecto, empezando por el 80 por ciento de los maestros que tuve en la universidad. Ahí comprendí que la escuela es buena, pero más bueno es no quedarte sólo con lo que te enseñan ahí y siempre dar una milla más por tu conocimiento.
